<?xml version="1.0" encoding="UTF-8"?>
<!-- Generated by org.testng.reporters.JUnitXMLReporter -->
<testsuite ignored="4" hostname="LAPTOP-KB6UDKRL" failures="0" tests="3" name="Test" time="2.329" errors="0" timestamp="2021-11-12T15:33:17 IST">
  <testcase classname="com.rmgyantraapi.projecttest.rmg_api_01_AddProjectWithCreatedStatusTest" name="addProjectWithCompletedStatusTest" time="2.223"/>
  <testcase classname="com.rmgyantraapi.projecttest.rmg_api_02_AddProjectWithOnGoingStatusTest" name="addProjectWithCompletedStatusTest" time="0.041"/>
  <testcase classname="com.rmgyantraapi.projecttest.rmg_api_03_AddProjectWithCompletedStatusTest" name="addProjectWithCompletedStatusTest" time="0.035"/>
  <testcase classname="com.rmgyantraapi.genericUtility.ApiBaseClass" name="@BeforeSuite configureBeforeSuite" time="0.0">
    <ignored/>
  </testcase> <!-- @BeforeSuite configureBeforeSuite -->
  <testcase classname="com.rmgyantraapi.genericUtility.ApiBaseClass" name="@BeforeSuite configureBeforeSuite" time="0.0">
    <ignored/>
  </testcase> <!-- @BeforeSuite configureBeforeSuite -->
  <testcase classname="com.rmgyantraapi.genericUtility.ApiBaseClass" name="@AfterSuite configureAfterSuite" time="0.0">
    <ignored/>
  </testcase> <!-- @AfterSuite configureAfterSuite -->
  <testcase classname="com.rmgyantraapi.genericUtility.ApiBaseClass" name="@AfterSuite configureAfterSuite" time="0.0">
    <ignored/>
  </testcase> <!-- @AfterSuite configureAfterSuite -->
</testsuite> <!-- Test -->
